<?xml version="1.0" encoding="UTF-8"?>
<!-- Generated by org.testng.reporters.JUnitReportReporter -->
<testsuite hostname="DESKTOP-O1227MB" failures="0" tests="17" name="tests.TestScript" time="232.371" errors="0" timestamp="2023-01-21T15:17:41 MST" skipped="0">
  <testcase classname="tests.TestScript" name="test06" time="9.005"/>
  <system-out/>
  <testcase classname="tests.TestScript" name="test07" time="16.958"/>
  <system-out/>
  <testcase classname="tests.TestScript" name="test10" time="10.340"/>
  <system-out/>
  <testcase classname="tests.TestScript" name="test14" time="10.318"/>
  <system-out/>
  <testcase classname="tests.TestScript" name="test15" time="8.510"/>
  <system-out/>
  <testcase classname="tests.TestScript" name="test08" time="14.743"/>
  <system-out/>
  <testcase classname="tests.TestScript" name="test04" time="9.207"/>
  <system-out/>
  <testcase classname="tests.TestScript" name="test02" time="17.919"/>
  <system-out/>
  <testcase classname="tests.TestScript" name="test03" time="10.565"/>
  <system-out/>
  <testcase classname="tests.TestScript" name="test16" time="10.311"/>
  <system-out/>
  <testcase classname="tests.TestScript" name="test13" time="14.732"/>
  <system-out/>
  <testcase classname="tests.TestScript" name="test01" time="19.096"/>
  <system-out/>
  <testcase classname="tests.TestScript" name="test09" time="17.375"/>
  <system-out/>
  <testcase classname="tests.TestScript" name="test11" time="11.859"/>
  <system-out/>
  <testcase classname="tests.TestScript" name="test12" time="12.879"/>
  <system-out/>
  <testcase classname="tests.TestScript" name="test17" time="7.816"/>
  <system-out/>
  <testcase classname="tests.TestScript" name="test05" time="30.738"/>
  <system-out/>
</testsuite> <!-- tests.TestScript -->
